<?xml version="1.0" encoding="UTF-8"?>
<testng-results skipped="0" failed="0" total="1" passed="1">
  <reporter-output>
  </reporter-output>
  <suite name="Default suite" duration-ms="116435" started-at="2020-12-08T18:17:43Z" finished-at="2020-12-08T18:19:39Z">
    <groups>
      <group name="cucumber">
        <method signature="AbstractTestNGCucumberTests.feature(cucumber.api.testng.CucumberFeatureWrapper)[pri:0, instance:com.OrangeHRM_TestRunner.OrangeHRM_TestNG@62043840]" name="feature" class="cucumber.api.testng.AbstractTestNGCucumberTests"/>
      </group> <!-- cucumber -->
    </groups>
    <test name="Default test" duration-ms="116435" started-at="2020-12-08T18:17:43Z" finished-at="2020-12-08T18:19:39Z">
      <class name="com.OrangeHRM_TestRunner.OrangeHRM_TestNG">
        <test-method status="PASS" signature="setUpClass()[pri:0, instance:com.OrangeHRM_TestRunner.OrangeHRM_TestNG@62043840]" name="setUpClass" is-config="true" duration-ms="961" started-at="2020-12-08T23:47:43Z" finished-at="2020-12-08T23:47:44Z">
          <reporter-output>
          </reporter-output>
        </test-method> <!-- setUpClass -->
        <test-method status="PASS" signature="feature(cucumber.api.testng.CucumberFeatureWrapper)[pri:0, instance:com.OrangeHRM_TestRunner.OrangeHRM_TestNG@62043840]" name="feature" duration-ms="115233" started-at="2020-12-08T23:47:44Z" description="Runs Cucumber Feature" data-provider="features" finished-at="2020-12-08T23:49:39Z">
          <params>
            <param index="0">
              <value>
                <![CDATA[OrangeHRM]]>
              </value>
            </param>
          </params>
          <reporter-output>
          </reporter-output>
        </test-method> <!-- feature -->
        <test-method status="PASS" signature="tearDownClass()[pri:0, instance:com.OrangeHRM_TestRunner.OrangeHRM_TestNG@62043840]" name="tearDownClass" is-config="true" duration-ms="24" started-at="2020-12-08T23:49:39Z" finished-at="2020-12-08T23:49:39Z">
          <reporter-output>
          </reporter-output>
        </test-method> <!-- tearDownClass -->
      </class> <!-- com.OrangeHRM_TestRunner.OrangeHRM_TestNG -->
    </test> <!-- Default test -->
  </suite> <!-- Default suite -->
</testng-results>
